This file contains any messages produced by compilers while
running configure, to aid debugging if configure makes a mistake.

configure:634: checking for a BSD compatible install
configure:687: checking whether build environment is sane
configure:744: checking whether make sets ${MAKE}
configure:790: checking for working aclocal-1.4
configure:803: checking for working autoconf
configure:816: checking for working automake-1.4
configure:829: checking for working autoheader
configure:842: checking for working makeinfo
configure:874: checking for gcc
configure:987: checking whether the C compiler (gcc  ) works
configure:1003: gcc -o conftest    conftest.c  1>&5
configure:1029: checking whether the C compiler (gcc  ) is a cross-compiler
configure:1034: checking whether we are using GNU C
configure:1062: checking whether gcc accepts -g
configure:1108: checking how to run the C preprocessor
configure:1188: checking for ANSI C header files
configure:1293: checking whether gcc needs -traditional
configure:1341: checking for EMX
configure:1373: checking for OpenWatcom
configure:1404: checking for DJGPP
configure:1440: checking for ARM64 ILP32
configure:1471: checking for volatile
configure:1508: checking for restrict
configure:1550: checking for __restrict
configure:1592: checking for long long
configure:1624: checking for pointer comparison bug
configure:1670: checking for maxint conversion bug
configure:1717: checking for stdlib.h
configure:1756: checking for dirent.h that defines DIR
configure:1794: checking for opendir in -ldir
configure:1877: checking for sys/wait.h that is POSIX.1 compatible
configure:1922: checking for alloca.h
configure:1922: checking for arpa/inet.h
configure:1922: checking for bsd/string.h
configure:1922: checking for cygwin/process.h
configure:1922: checking for cygwin/version.h
configure:1922: checking for fcntl.h
configure:1922: checking for grp.h
configure:1922: checking for ieee.h
configure:1922: checking for interix/interix.h
configure:1922: checking for inttypes.h
configure:1922: checking for io.h
configure:1922: checking for langinfo.h
configure:1922: checking for limits.h
configure:1922: checking for linux/falloc.h
configure:1922: checking for locale.h
configure:1922: checking for malloc.h
configure:1922: checking for math.h
configure:1922: checking for net/socket.h
configure:1922: checking for netinet/in_system.h
configure:1922: checking for netinet/in_systm.h
configure:1922: checking for netinet/ip.h
configure:1922: checking for poll.h
configure:1922: checking for process.h
configure:1922: checking for pwd.h
configure:1922: checking for search.h
configure:1922: checking for setjmp.h
configure:1922: checking for sgtty.h
configure:1922: checking for stdarg.h
configure:1922: checking for string.h
configure:1922: checking for strings.h
configure:1922: checking for sys/cygwin.h
configure:1922: checking for sys/file.h
configure:1922: checking for sys/fmutex.h
configure:1922: checking for sys/ioctl.h
configure:1922: checking for sys/resource.h
configure:1922: checking for sys/select.h
configure:1922: checking for sys/time.h
configure:1922: checking for sys/un.h
configure:1922: checking for sys/utsname.h
configure:1922: checking for termios.h
configure:1922: checking for time.h
configure:1922: checking for umalloc.h
configure:1922: checking for unistd.h
configure:1922: checking for unixlib.h
configure:1922: checking for utime.h
configure:1922: checking for uwin.h
configure:1922: checking for values.h
configure:1964: checking for working const
configure:2039: checking for inline
configure:2079: checking for size_t
configure:2112: checking for pid_t
configure:2145: checking for socklen_t
configure:2184: checking for errno
configure:2223: checking whether time.h and sys/time.h may both be included
configure:2258: checking whether struct tm is in sys/time.h or time.h
configure:2305: checking size of unsigned short
configure:2345: checking size of unsigned
configure:2385: checking size of unsigned long
configure:2426: checking size of unsigned long long
configure:2470: checking for big endian
configure:2507: checking for little endian
configure:2558: checking if rename can replace existing files
configure:2610: checking return type of signal handlers
configure:2651: checking for strftime
configure:2747: checking for vprintf
configure:2854: checking for bcmp
configure:2854: checking for bcopy
configure:2854: checking for bzero
configure:2854: checking for calloc
configure:2854: checking for cfmakeraw
configure:2854: checking for chmod
configure:2854: checking for cygwin_conv_path
configure:2854: checking for cygwin_conv_to_full_win32_path
configure:2854: checking for dirfd
configure:2854: checking for fallocate
configure:2854: checking for freelocale
configure:2854: checking for getcwd
configure:2854: checking for getgrgid
configure:2854: checking for gethostname
configure:2854: checking for getpagesize
configure:2854: checking for getpid
configure:2854: checking for getpwuid
configure:2854: checking for getrlimit
configure:2854: checking for gettimeofday
configure:2854: checking for kqueue
configure:2854: checking for malloc_trim
configure:2854: checking for mallopt
configure:2854: checking for mktime
configure:2854: checking for newlocale
configure:2854: checking for nl_langinfo
configure:2854: checking for poll
configure:2854: checking for popen
configure:2854: checking for posix_fallocate
configure:2854: checking for raise
configure:2854: checking for select
configure:2854: checking for setlocale
configure:2854: checking for setpgid
configure:2854: checking for setrlimit
configure:2854: checking for setsid
configure:2854: checking for sigaction
configure:2854: checking for sigblock
configure:2854: checking for sigdelset
configure:2854: checking for sigprocmask
configure:2854: checking for sigsetmask
configure:2854: checking for snprintf
configure:2854: checking for strdup
configure:2854: checking for strerror_l
configure:2854: checking for strptime
configure:2854: checking for strtod
configure:2854: checking for strtoimax
configure:2854: checking for strtol
configure:2854: checking for strtoll
configure:2854: checking for strtoq
configure:2854: checking for strtoul
configure:2854: checking for sysconf
configure:2854: checking for tdelete
configure:2854: checking for tempnam
configure:2854: checking for tfind
configure:2854: checking for tsearch
configure:2854: checking for uname
configure:2854: checking for unixpath2win
configure:2854: checking for utime
configure:2854: checking for utimes
configure:2854: checking for uwin_path
configure:2854: checking for winpath2unix
configure:2854: checking for _heapmin
configure:2854: checking for _msize
configure:2854: checking for _ucreate
configure:2854: checking for _udefault
configure:2854: checking for _udestroy
configure:2854: checking for _uopen
configure:2854: checking for __strtoll
configure:2911: checking for strlen
configure:2964: checking for strlen
configure:3000: checking for strnlen
configure:3053: checking for strnlen
configure:3089: checking for strcpy
configure:3142: checking for strcpy
configure:3178: checking for strncpy
configure:3231: checking for strncpy
configure:3267: checking for strchr
configure:3320: checking for strchr
configure:3356: checking for strrchr
configure:3409: checking for strrchr
configure:3445: checking for strcmp
configure:3498: checking for strcmp
configure:3534: checking for strncmp
configure:3587: checking for strncmp
configure:3623: checking for strcspn
configure:3676: checking for strcspn
configure:3712: checking for strspn
configure:3765: checking for strspn
configure:3801: checking for strstr
configure:3854: checking for strstr
configure:3890: checking for memchr
configure:3943: checking for memchr
configure:3979: checking for memrchr
configure:4032: checking for memrchr
configure:4068: checking for memcmp
configure:4121: checking for memcmp
configure:4157: checking for memcpy
configure:4210: checking for memcpy
configure:4246: checking for memmove
configure:4299: checking for memmove
configure:4335: checking for memset
configure:4388: checking for memset
configure:4424: checking for memmem
configure:4477: checking for memmem
configure:4514: checking for strerror
configure:4567: checking for strerror
configure:4601: checking for sigfillset
configure:4635: checking for sigsetjmp/siglongjmp
configure:4669: checking for gcc assembler
configure:4734: checking for __builtin_add_overflow
configure:4768: checking for __builtin_clz
configure:4807: checking for strmode in -lbsd
configure:4856: checking for requested debug level
configure:4877: checking if you want to enable javascript
configure:5252: checking if you want to use graphics
configure:5262: checking if you want to enable UTF-8 terminal
configure:5286: checking for clock_gettime
configure:5395: checking for socket
configure:5643: checking for setsockopt
configure:5742: checking for gethostbyname
configure:5948: checking for getaddrinfo
configure:5948: checking for freeaddrinfo
configure:5948: checking for gai_strerror
configure:6012: checking for inet_ntop
configure:6012: checking for inet_pton
configure:6012: checking for herror
configure:6073: checking for ipv6
configure:6116: checking for sockaddr_in6.sin6_scope_id
configure:6167: checking for event.h
configure:6167: checking for ev-event.h
configure:6544: checking for gpm.h
configure:6581: checking for Gpm_Open in -lgpm
configure:6630: checking for Gpm_GetLibVersion
configure:6733: checking for OS/2 threads
configure:6773: checking for atheos/threads.h
configure:6812: checking for spawn_thread
configure:6812: checking for resume_thread
configure:6868: checking for MouOpen
configure:6868: checking for _read_kbd
configure:6921: checking for XFree for OS/2
configure:7116: checking for pkg-config
configure:7160: checking for openssl
configure:7232: checking for OpenSSL
configure:7254: gcc -o conftest -g -O2   conftest.c -lssl -lcrypto  1>&5
configure:7248:25: fatal error: openssl/ssl.h: No such file or directory
 SSL_CTX_new((void *)0)
                         ^
compilation terminated.
configure: failed program was:
#line 7246 "configure"
#include "confdefs.h"
#include <stdio.h>
#include <openssl/ssl.h>
int main() {
SSL_CTX_new((void *)0)
; return 0; }
configure:7254: gcc -o conftest -g -O2   conftest.c -lssl -lcrypto  1>&5
configure:7248:25: fatal error: openssl/ssl.h: No such file or directory
 SSL_CTX_new((void *)0)
                         ^
compilation terminated.
configure: failed program was:
#line 7246 "configure"
#include "confdefs.h"
#include <stdio.h>
#include <openssl/ssl.h>
int main() {
SSL_CTX_new((void *)0)
; return 0; }
configure:7254: gcc -o conftest -g -O2  -I/usr/local/include  conftest.c -L/usr/local/lib -lssl -lcrypto  1>&5
configure:7248:25: fatal error: openssl/ssl.h: No such file or directory
 SSL_CTX_new((void *)0)
                         ^
compilation terminated.
configure: failed program was:
#line 7246 "configure"
#include "confdefs.h"
#include <stdio.h>
#include <openssl/ssl.h>
int main() {
SSL_CTX_new((void *)0)
; return 0; }
configure:7254: gcc -o conftest -g -O2  -I/usr/local/openssl/include  conftest.c -L/usr/local/openssl/lib -lssl -lcrypto  1>&5
configure:7248:25: fatal error: openssl/ssl.h: No such file or directory
 SSL_CTX_new((void *)0)
                         ^
compilation terminated.
configure: failed program was:
#line 7246 "configure"
#include "confdefs.h"
#include <stdio.h>
#include <openssl/ssl.h>
int main() {
SSL_CTX_new((void *)0)
; return 0; }
configure:7254: gcc -o conftest -g -O2  -I/usr/lib/openssl/include  conftest.c -L/usr/lib/openssl/lib -lssl -lcrypto  1>&5
configure:7248:25: fatal error: openssl/ssl.h: No such file or directory
 SSL_CTX_new((void *)0)
                         ^
compilation terminated.
configure: failed program was:
#line 7246 "configure"
#include "confdefs.h"
#include <stdio.h>
#include <openssl/ssl.h>
int main() {
SSL_CTX_new((void *)0)
; return 0; }
configure:7254: gcc -o conftest -g -O2  -I/usr/local/ssl/include  conftest.c -L/usr/local/ssl/lib -lssl -lcrypto  1>&5
configure:7248:25: fatal error: openssl/ssl.h: No such file or directory
 SSL_CTX_new((void *)0)
                         ^
compilation terminated.
configure: failed program was:
#line 7246 "configure"
#include "confdefs.h"
#include <stdio.h>
#include <openssl/ssl.h>
int main() {
SSL_CTX_new((void *)0)
; return 0; }
configure:7254: gcc -o conftest -g -O2  -I/usr/local/www/include  conftest.c -L/usr/local/www/lib -lssl -lcrypto  1>&5
configure:7248:25: fatal error: openssl/ssl.h: No such file or directory
 SSL_CTX_new((void *)0)
                         ^
compilation terminated.
configure: failed program was:
#line 7246 "configure"
#include "confdefs.h"
#include <stdio.h>
#include <openssl/ssl.h>
int main() {
SSL_CTX_new((void *)0)
; return 0; }
configure:7254: gcc -o conftest -g -O2  -I/usr/lib/ssl/include  conftest.c -L/usr/lib/ssl/lib -lssl -lcrypto  1>&5
configure:7248:25: fatal error: openssl/ssl.h: No such file or directory
 SSL_CTX_new((void *)0)
                         ^
compilation terminated.
configure: failed program was:
#line 7246 "configure"
#include "confdefs.h"
#include <stdio.h>
#include <openssl/ssl.h>
int main() {
SSL_CTX_new((void *)0)
; return 0; }
configure:7254: gcc -o conftest -g -O2  -I/usr/local/include  conftest.c -L/usr/local/lib -lssl -lcrypto  1>&5
configure:7248:25: fatal error: openssl/ssl.h: No such file or directory
 SSL_CTX_new((void *)0)
                         ^
compilation terminated.
configure: failed program was:
#line 7246 "configure"
#include "confdefs.h"
#include <stdio.h>
#include <openssl/ssl.h>
int main() {
SSL_CTX_new((void *)0)
; return 0; }
configure:7254: gcc -o conftest -g -O2  -I/usr/pkg/include  conftest.c -L/usr/pkg/lib -lssl -lcrypto  1>&5
configure:7248:25: fatal error: openssl/ssl.h: No such file or directory
 SSL_CTX_new((void *)0)
                         ^
compilation terminated.
configure: failed program was:
#line 7246 "configure"
#include "confdefs.h"
#include <stdio.h>
#include <openssl/ssl.h>
int main() {
SSL_CTX_new((void *)0)
; return 0; }
configure:7254: gcc -o conftest -g -O2  -I/opt/include  conftest.c -L/opt/lib -lssl -lcrypto  1>&5
configure:7248:25: fatal error: openssl/ssl.h: No such file or directory
 SSL_CTX_new((void *)0)
                         ^
compilation terminated.
configure: failed program was:
#line 7246 "configure"
#include "confdefs.h"
#include <stdio.h>
#include <openssl/ssl.h>
int main() {
SSL_CTX_new((void *)0)
; return 0; }
configure:7254: gcc -o conftest -g -O2  -I/opt/openssl/include  conftest.c -L/opt/openssl/lib -lssl -lcrypto  1>&5
configure:7248:25: fatal error: openssl/ssl.h: No such file or directory
 SSL_CTX_new((void *)0)
                         ^
compilation terminated.
configure: failed program was:
#line 7246 "configure"
#include "confdefs.h"
#include <stdio.h>
#include <openssl/ssl.h>
int main() {
SSL_CTX_new((void *)0)
; return 0; }
configure:7631: checking for zlib.h
configure:7668: checking for inflate in -lz
configure:7728: checking for brotli/decode.h
configure:7765: checking for BrotliDecoderDecompressStream in -lbrotlidec
configure:7825: checking for zstd.h
configure:7862: checking for ZSTD_decompressStream in -lzstd
configure:7977: checking for bzlib.h
configure:8014: checking for BZ2_bzDecompress in -lbz2
configure:8074: checking for lzma.h
configure:8111: checking for lzma_auto_decoder in -llzma
configure:8171: checking for lzlib.h
configure:8208: checking for LZ_decompress_open in -llz
configure:11833: checking for pthread_sigmask
